This is pdfTeX, Version 3.141592653-2.6-1.40.22 (TeX Live 2021) (preloaded format=pdflatex 2021.11.18)  11 MAR 2022 00:56
entering extended mode
 restricted \write18 enabled.
 %&-line parsing enabled.
**tesi.tex
(./tesi.tex
LaTeX2e <2020-10-01> patch level 4
L3 programming layer <2021-02-18>
(/usr/local/texlive/2021/texmf-dist/tex/latex/base/report.cls
Document Class: report 2020/04/10 v1.4m Standard LaTeX document class
(/usr/local/texlive/2021/texmf-dist/tex/latex/base/size12.clo
File: size12.clo 2020/04/10 v1.4m Standard LaTeX file (size option)
)
\c@part=\count179
\c@chapter=\count180
\c@section=\count181
\c@subsection=\count182
\c@subsubsection=\count183
\c@paragraph=\count184
\c@subparagraph=\count185
\c@figure=\count186
\c@table=\count187
\abovecaptionskip=\skip47
\belowcaptionskip=\skip48
\bibindent=\dimen138
) (./tesi.sty)
(/usr/local/texlive/2021/texmf-dist/tex/latex/geometry/geometry.sty
Package: geometry 2020/01/02 v5.9 Page Geometry

(/usr/local/texlive/2021/texmf-dist/tex/latex/graphics/keyval.sty
Package: keyval 2014/10/28 v1.15 key=value parser (DPC)
\KV@toks@=\toks15
)
(/usr/local/texlive/2021/texmf-dist/tex/generic/iftex/ifvtex.sty
Package: ifvtex 2019/10/25 v1.7 ifvtex legacy package. Use iftex instead.

(/usr/local/texlive/2021/texmf-dist/tex/generic/iftex/iftex.sty
Package: iftex 2020/03/06 v1.0d TeX engine tests
))
\Gm@cnth=\count188
\Gm@cntv=\count189
\c@Gm@tempcnt=\count190
\Gm@bindingoffset=\dimen139
\Gm@wd@mp=\dimen140
\Gm@odd@mp=\dimen141
\Gm@even@mp=\dimen142
\Gm@layoutwidth=\dimen143
\Gm@layoutheight=\dimen144
\Gm@layouthoffset=\dimen145
\Gm@layoutvoffset=\dimen146
\Gm@dimlist=\toks16
)
(/usr/local/texlive/2021/texmf-dist/tex/generic/babel/babel.sty
Package: babel 2021/03/24 3.56 The Babel package

(/usr/local/texlive/2021/texmf-dist/tex/generic/babel/babel.def
File: babel.def 2021/03/24 3.56 Babel common definitions
\babel@savecnt=\count191
\U@D=\dimen147
\l@babelnohyphens=\language87

(/usr/local/texlive/2021/texmf-dist/tex/generic/babel/txtbabel.def)
\bbl@readstream=\read2
)
\bbl@dirlevel=\count192

(/usr/local/texlive/2021/texmf-dist/tex/generic/babel-italian/italian.ldf
Language: italian 2020/05/21 v.1.4.04 Italian support for the babel system
\it@lettering=\count193
\it@doublequoteactive=\count194
\it@ISOcompliance=\count195
)
(/usr/local/texlive/2021/texmf-dist/tex/generic/babel-english/english.ldf
Language: english 2017/06/06 v3.3r English support from the babel system
Package babel Info: \l@canadian = using hyphenrules for english
(babel)             (\language0) on input line 102.
Package babel Info: \l@australian = using hyphenrules for ukenglish
(babel)             (\language21) on input line 105.
Package babel Info: \l@newzealand = using hyphenrules for ukenglish
(babel)             (\language21) on input line 108.
))
(/usr/local/texlive/2021/texmf-dist/tex/latex/etoolbox/etoolbox.sty
Package: etoolbox 2020/10/05 v2.5k e-TeX tools for LaTeX (JAW)
\etb@tempcnta=\count196
)
(/usr/local/texlive/2021/texmf-dist/tex/latex/base/inputenc.sty
Package: inputenc 2020/08/01 v1.3d Input encoding file
\inpenc@prehook=\toks17
\inpenc@posthook=\toks18
)
(/usr/local/texlive/2021/texmf-dist/tex/latex/pdfx/pdfx.sty
Package: pdfx 2019/02/27 v1.6.3 PDF/X and PDF/A support (CVR/HTH/RRM/PS)
\pdfx@minorversion=\count197

(/usr/local/texlive/2021/texmf-dist/tex/generic/iftex/ifpdf.sty
Package: ifpdf 2019/10/25 v3.4 ifpdf legacy package. Use iftex instead.
)
(/usr/local/texlive/2021/texmf-dist/tex/generic/iftex/ifxetex.sty
Package: ifxetex 2019/10/25 v0.7 ifxetex legacy package. Use iftex instead.
)
(/usr/local/texlive/2021/texmf-dist/tex/latex/base/everyshi-ltx.sty
Package: everyshi-ltx 2020/08/17 v1.0a Emulation of the original everyshi packa
ge
with kernel methods
)
(/usr/local/texlive/2021/texmf-dist/tex/generic/iftex/ifluatex.sty
Package: ifluatex 2019/10/25 v1.5 ifluatex legacy package. Use iftex instead.
){/usr/local/texlive/2021/texmf-var/fonts/map/pdftex/updmap/pdftex.map}
(/usr/local/texlive/2021/texmf-dist/tex/latex/pdfx/l8u-penc.def
File: l8u-penc.def 2017/06/23 v0.8 Custom LaTeX file, for UTF8 encoded letters 
and symbols
LaTeX Info: Composite with undeclared \b in encoding L8U on input line 278.
)
\pdfxsafeforxmp@toks=\toks19

(/usr/local/texlive/2021/texmf-dist/tex/latex/xcolor/xcolor.sty
Package: xcolor 2016/05/11 v2.12 LaTeX color extensions (UK)

(/usr/local/texlive/2021/texmf-dist/tex/latex/graphics-cfg/color.cfg
File: color.cfg 2016/01/02 v1.6 sample color configuration
)
Package xcolor Info: Driver file: pdftex.def on input line 225.

(/usr/local/texlive/2021/texmf-dist/tex/latex/graphics-def/pdftex.def
File: pdftex.def 2020/10/05 v1.2a Graphics/color driver for pdftex
)
Package xcolor Info: Model `cmy' substituted by `cmy0' on input line 1348.
Package xcolor Info: Model `hsb' substituted by `rgb' on input line 1352.
Package xcolor Info: Model `RGB' extended on input line 1364.
Package xcolor Info: Model `HTML' substituted by `rgb' on input line 1366.
Package xcolor Info: Model `Hsb' substituted by `hsb' on input line 1367.
Package xcolor Info: Model `tHsb' substituted by `hsb' on input line 1368.
Package xcolor Info: Model `HSB' substituted by `hsb' on input line 1369.
Package xcolor Info: Model `Gray' substituted by `gray' on input line 1370.
Package xcolor Info: Model `wave' substituted by `hsb' on input line 1371.
)
\pdfx@tmptoks=\toks20

(/usr/local/texlive/2021/texmf-dist/tex/latex/hyperref/hyperref.sty
Package: hyperref 2021-02-27 v7.00k Hypertext links for LaTeX

(/usr/local/texlive/2021/texmf-dist/tex/generic/ltxcmds/ltxcmds.sty
Package: ltxcmds 2020-05-10 v1.25 LaTeX kernel commands for general use (HO)
)
(/usr/local/texlive/2021/texmf-dist/tex/generic/pdftexcmds/pdftexcmds.sty
Package: pdftexcmds 2020-06-27 v0.33 Utility functions of pdfTeX for LuaTeX (HO
)

(/usr/local/texlive/2021/texmf-dist/tex/generic/infwarerr/infwarerr.sty
Package: infwarerr 2019/12/03 v1.5 Providing info/warning/error messages (HO)
)
Package pdftexcmds Info: \pdf@primitive is available.
Package pdftexcmds Info: \pdf@ifprimitive is available.
Package pdftexcmds Info: \pdfdraftmode found.
)
(/usr/local/texlive/2021/texmf-dist/tex/generic/kvsetkeys/kvsetkeys.sty
Package: kvsetkeys 2019/12/15 v1.18 Key value parser (HO)
)
(/usr/local/texlive/2021/texmf-dist/tex/generic/kvdefinekeys/kvdefinekeys.sty
Package: kvdefinekeys 2019-12-19 v1.6 Define keys (HO)
)
(/usr/local/texlive/2021/texmf-dist/tex/generic/pdfescape/pdfescape.sty
Package: pdfescape 2019/12/09 v1.15 Implements pdfTeX's escape features (HO)
)
(/usr/local/texlive/2021/texmf-dist/tex/latex/hycolor/hycolor.sty
Package: hycolor 2020-01-27 v1.10 Color options for hyperref/bookmark (HO)
)
(/usr/local/texlive/2021/texmf-dist/tex/latex/letltxmacro/letltxmacro.sty
Package: letltxmacro 2019/12/03 v1.6 Let assignment for LaTeX macros (HO)
)
(/usr/local/texlive/2021/texmf-dist/tex/latex/auxhook/auxhook.sty
Package: auxhook 2019-12-17 v1.6 Hooks for auxiliary files (HO)
)
(/usr/local/texlive/2021/texmf-dist/tex/latex/kvoptions/kvoptions.sty
Package: kvoptions 2020-10-07 v3.14 Key value format for package options (HO)
)
\@linkdim=\dimen148
\Hy@linkcounter=\count198
\Hy@pagecounter=\count199

(/usr/local/texlive/2021/texmf-dist/tex/latex/hyperref/pd1enc.def
File: pd1enc.def 2021-02-27 v7.00k Hyperref: PDFDocEncoding definition (HO)
)
(/usr/local/texlive/2021/texmf-dist/tex/latex/hyperref/hyperref-langpatches.def
File: hyperref-langpatches.def 2021-02-27 v7.00k Hyperref: patches for babel la
nguages
) (/usr/local/texlive/2021/texmf-dist/tex/generic/intcalc/intcalc.sty
Package: intcalc 2019/12/15 v1.3 Expandable calculations with integers (HO)
)
(/usr/local/texlive/2021/texmf-dist/tex/generic/etexcmds/etexcmds.sty
Package: etexcmds 2019/12/15 v1.7 Avoid name clashes with e-TeX commands (HO)
)
\Hy@SavedSpaceFactor=\count266

(/usr/local/texlive/2021/texmf-dist/tex/latex/hyperref/puenc.def
File: puenc.def 2021-02-27 v7.00k Hyperref: PDF Unicode definition (HO)
)
Package hyperref Info: Option `pdfa' set `true' on input line 4073.
Package hyperref Info: Hyper figures OFF on input line 4192.
Package hyperref Info: Link nesting OFF on input line 4197.
Package hyperref Info: Hyper index ON on input line 4200.
Package hyperref Info: Plain pages OFF on input line 4207.
Package hyperref Info: Backreferencing OFF on input line 4212.
Package hyperref Info: Implicit mode ON; LaTeX internals redefined.
Package hyperref Info: Bookmarks ON on input line 4445.
\c@Hy@tempcnt=\count267

(/usr/local/texlive/2021/texmf-dist/tex/latex/url/url.sty
\Urlmuskip=\muskip16
Package: url 2013/09/16  ver 3.4  Verb mode for urls, etc.
)
LaTeX Info: Redefining \url on input line 4804.
\XeTeXLinkMargin=\dimen149

(/usr/local/texlive/2021/texmf-dist/tex/generic/bitset/bitset.sty
Package: bitset 2019/12/09 v1.3 Handle bit-vector datatype (HO)

(/usr/local/texlive/2021/texmf-dist/tex/generic/bigintcalc/bigintcalc.sty
Package: bigintcalc 2019/12/15 v1.5 Expandable calculations on big integers (HO
)
))
\Fld@menulength=\count268
\Field@Width=\dimen150
\Fld@charsize=\dimen151
Package hyperref Info: Hyper figures OFF on input line 6075.
Package hyperref Info: Link nesting OFF on input line 6080.
Package hyperref Info: Hyper index ON on input line 6083.
Package hyperref Info: backreferencing OFF on input line 6090.
Package hyperref Info: Link coloring OFF on input line 6095.
Package hyperref Info: Link coloring with OCG OFF on input line 6100.
Package hyperref Info: PDF/A mode ON on input line 6103.
LaTeX Info: Redefining \ref on input line 6145.
LaTeX Info: Redefining \pageref on input line 6149.

(/usr/local/texlive/2021/texmf-dist/tex/latex/base/atbegshi-ltx.sty
Package: atbegshi-ltx 2020/08/17 v1.0a Emulation of the original atbegshi packa
ge
with kernel methods
)
\Hy@abspage=\count269
\c@Item=\count270
\c@Hfootnote=\count271
)
Package hyperref Info: Driver: hpdftex.

(/usr/local/texlive/2021/texmf-dist/tex/latex/hyperref/hpdftex.def
File: hpdftex.def 2021-02-27 v7.00k Hyperref driver for pdfTeX

(/usr/local/texlive/2021/texmf-dist/tex/latex/base/atveryend-ltx.sty
Package: atveryend-ltx 2020/08/19 v1.0a Emulation of the original atvery packag
e
with kernel methods
)
\Fld@listcount=\count272
\c@bookmark@seq@number=\count273

(/usr/local/texlive/2021/texmf-dist/tex/latex/rerunfilecheck/rerunfilecheck.sty
Package: rerunfilecheck 2019/12/05 v1.9 Rerun checks for auxiliary files (HO)

(/usr/local/texlive/2021/texmf-dist/tex/generic/uniquecounter/uniquecounter.sty
Package: uniquecounter 2019/12/15 v1.4 Provide unlimited unique counter (HO)
)
Package uniquecounter Info: New unique counter `rerunfilecheck' on input line 2
86.
)
\Hy@SectionHShift=\skip49
)
Package hyperref Info: Option `unicode' set `true' on input line 1463.
 (/usr/local/texlive/2021/texmf-dist/tex/generic/stringenc/stringenc.sty
Package: stringenc 2019/11/29 v1.12 Convert strings between diff. encodings (HO
)
)
Package hyperref Info: Option `psdextra' set `true' on input line 1465.

(/usr/local/texlive/2021/texmf-dist/tex/latex/hyperref/puenc-greekbasic.def
File: puenc-greekbasic.def 2021-02-27 v7.00k Hyperref: PDF Unicode definition (
greek block) (HO)
)
(/usr/local/texlive/2021/texmf-dist/tex/latex/hyperref/psdextra.def
File: psdextra.def 2021-02-27 v7.00k Hyperref: Additions to PDF string support
)
(/usr/local/texlive/2021/texmf-dist/tex/generic/colorprofiles/colorprofiles.sty
Package: colorprofiles 2018/11/01 v1.0.1 color profiles for PDF/X and PDF/A sup
port

(/usr/local/texlive/2021/texmf-dist/tex/generic/colorprofiles/colorprofiles.tex
)) (/usr/local/texlive/2021/texmf-dist/tex/generic/stringenc/se-pdfdoc.def
File: se-pdfdoc.def 2019/11/29 v1.12 stringenc: PDFDocEncoding
)
(/usr/local/texlive/2021/texmf-dist/tex/latex/pdfx/AdobeColorProfiles.tex)
(/usr/local/texlive/2021/texmf-dist/tex/latex/pdfx/8bit.def
File: 8bit.def 2008/03/30 v1.1d Input encoding file
)
** pdfx: No file tesi.xmpdata . Metadata will be incomplete!
<<sRGB.icc>> (/usr/local/texlive/2021/texmf-dist/tex/latex/pdfx/8bit.def
File: 8bit.def 2008/03/30 v1.1d Input encoding file
)
Package hyperref Info: Option `unicode' set `true' on input line 2411.
Package hyperref Info: Option `unicode' set `true' on input line 2412.

(/usr/local/texlive/2021/texmf-dist/tex/generic/pdftex/glyphtounicode.tex)
(/usr/local/texlive/2021/texmf-dist/tex/latex/pdfx/glyphtounicode-cmr.tex)
(/usr/local/texlive/2021/texmf-dist/tex/latex/pdfx/glyphtounicode-ntx.tex)
(/usr/local/texlive/2021/texmf-dist/tex/latex/base/ifthen.sty
Package: ifthen 2014/09/29 v1.1c Standard LaTeX ifthen package (DPC)
)
(/usr/local/texlive/2021/texmf-dist/tex/latex/xmpincl/xmpincl.sty
Package: xmpincl 2008/05/10 v2.2 Include XMP data in pdflatex
)
(/usr/local/texlive/2021/texmf-dist/tex/latex/pdfx/8bit.def
File: 8bit.def 2008/03/30 v1.1d Input encoding file
)
Using XMP template file: pdfa.xmp
\xmpinclWrite=\write3
\xmpinclRead=\read3
\openout3 = `pdfa.xmpi'.

<<pdfa.xmpi>>)
(/usr/local/texlive/2021/texmf-dist/tex/latex/graphics/graphicx.sty
Package: graphicx 2020/09/09 v1.2b Enhanced LaTeX Graphics (DPC,SPQR)

(/usr/local/texlive/2021/texmf-dist/tex/latex/graphics/graphics.sty
Package: graphics 2020/08/30 v1.4c Standard LaTeX Graphics (DPC,SPQR)

(/usr/local/texlive/2021/texmf-dist/tex/latex/graphics/trig.sty
Package: trig 2016/01/03 v1.10 sin cos tan (DPC)
)
(/usr/local/texlive/2021/texmf-dist/tex/latex/graphics-cfg/graphics.cfg
File: graphics.cfg 2016/06/04 v1.11 sample graphics configuration
)
Package graphics Info: Driver file: pdftex.def on input line 105.
)
\Gin@req@height=\dimen152
\Gin@req@width=\dimen153
)
(/usr/local/texlive/2021/texmf-dist/tex/generic/hologo/hologo.sty
Package: hologo 2019/12/05 v1.14 A logo collection with bookmark support (HO)
)
(/usr/local/texlive/2021/texmf-dist/tex/latex/amsfonts/amssymb.sty
Package: amssymb 2013/01/14 v3.01 AMS font symbols

(/usr/local/texlive/2021/texmf-dist/tex/latex/amsfonts/amsfonts.sty
Package: amsfonts 2013/01/14 v3.01 Basic AMSFonts support
\@emptytoks=\toks21
\symAMSa=\mathgroup4
\symAMSb=\mathgroup5
LaTeX Font Info:    Redeclaring math symbol \hbar on input line 98.
LaTeX Font Info:    Overwriting math alphabet `\mathfrak' in version `bold'
(Font)                  U/euf/m/n --> U/euf/b/n on input line 106.
))
(/usr/local/texlive/2021/texmf-dist/tex/latex/amsmath/amsmath.sty
Package: amsmath 2020/09/23 v2.17i AMS math features
\@mathmargin=\skip50

For additional information on amsmath, use the `?' option.
(/usr/local/texlive/2021/texmf-dist/tex/latex/amsmath/amstext.sty
Package: amstext 2000/06/29 v2.01 AMS text

(/usr/local/texlive/2021/texmf-dist/tex/latex/amsmath/amsgen.sty
File: amsgen.sty 1999/11/30 v2.0 generic functions
\@emptytoks=\toks22
\ex@=\dimen154
))
(/usr/local/texlive/2021/texmf-dist/tex/latex/amsmath/amsbsy.sty
Package: amsbsy 1999/11/29 v1.2d Bold Symbols
\pmbraise@=\dimen155
)
(/usr/local/texlive/2021/texmf-dist/tex/latex/amsmath/amsopn.sty
Package: amsopn 2016/03/08 v2.02 operator names
)
\inf@bad=\count274
LaTeX Info: Redefining \frac on input line 234.
\uproot@=\count275
\leftroot@=\count276
LaTeX Info: Redefining \overline on input line 399.
\classnum@=\count277
\DOTSCASE@=\count278
LaTeX Info: Redefining \ldots on input line 496.
LaTeX Info: Redefining \dots on input line 499.
LaTeX Info: Redefining \cdots on input line 620.
\Mathstrutbox@=\box47
\strutbox@=\box48
\big@size=\dimen156
LaTeX Font Info:    Redeclaring font encoding OML on input line 743.
LaTeX Font Info:    Redeclaring font encoding OMS on input line 744.
\macc@depth=\count279
\c@MaxMatrixCols=\count280
\dotsspace@=\muskip17
\c@parentequation=\count281
\dspbrk@lvl=\count282
\tag@help=\toks23
\row@=\count283
\column@=\count284
\maxfields@=\count285
\andhelp@=\toks24
\eqnshift@=\dimen157
\alignsep@=\dimen158
\tagshift@=\dimen159
\tagwidth@=\dimen160
\totwidth@=\dimen161
\lineht@=\dimen162
\@envbody=\toks25
\multlinegap=\skip51
\multlinetaggap=\skip52
\mathdisplay@stack=\toks26
LaTeX Info: Redefining \[ on input line 2923.
LaTeX Info: Redefining \] on input line 2924.
)
(/usr/local/texlive/2021/texmf-dist/tex/latex/amscls/amsthm.sty
Package: amsthm 2020/05/29 v2.20.6
\thm@style=\toks27
\thm@bodyfont=\toks28
\thm@headfont=\toks29
\thm@notefont=\toks30
\thm@headpunct=\toks31
\thm@preskip=\skip53
\thm@postskip=\skip54
\thm@headsep=\skip55
\dth@everypar=\toks32
)
(/usr/local/texlive/2021/texmf-dist/tex/latex/listings/listings.sty
\lst@mode=\count286
\lst@gtempboxa=\box49
\lst@token=\toks33
\lst@length=\count287
\lst@currlwidth=\dimen163
\lst@column=\count288
\lst@pos=\count289
\lst@lostspace=\dimen164
\lst@width=\dimen165
\lst@newlines=\count290
\lst@lineno=\count291
\lst@maxwidth=\dimen166

(/usr/local/texlive/2021/texmf-dist/tex/latex/listings/lstmisc.sty
File: lstmisc.sty 2020/03/24 1.8d (Carsten Heinz)
\c@lstnumber=\count292
\lst@skipnumbers=\count293
\lst@framebox=\box50
)
(/usr/local/texlive/2021/texmf-dist/tex/latex/listings/listings.cfg
File: listings.cfg 2020/03/24 1.8d listings configuration
))
Package: listings 2020/03/24 1.8d (Carsten Heinz)

(/usr/local/texlive/2021/texmf-dist/tex/latex/l3backend/l3backend-pdftex.def
File: l3backend-pdftex.def 2021-03-18 L3 backend support: PDF output (pdfTeX)
\l__color_backend_stack_int=\count294
\l__pdf_internal_box=\box51
)
(./tesi.aux

LaTeX Warning: Label `ref_article1' multiply defined.


LaTeX Warning: Label `ref_article1' multiply defined.


LaTeX Warning: Label `ref_article1' multiply defined.


LaTeX Warning: Label `ref_article1' multiply defined.


LaTeX Warning: Label `ref_book1' multiply defined.


LaTeX Warning: Label `ref_lncs1' multiply defined.


LaTeX Warning: Label `ref_book1' multiply defined.


LaTeX Warning: Label `ref_book1' multiply defined.


LaTeX Warning: Label `ref_article1' multiply defined.


LaTeX Warning: Label `ref_article1' multiply defined.


LaTeX Warning: Label `ref_lncs1' multiply defined.


LaTeX Warning: Label `ref_article1' multiply defined.


LaTeX Warning: Label `ref_article1' multiply defined.


LaTeX Warning: Label `ref_book1' multiply defined.


LaTeX Warning: Label `ref_article1' multiply defined.


LaTeX Warning: Label `ref_article1' multiply defined.


LaTeX Warning: Label `ref_article1' multiply defined.


LaTeX Warning: Label `ref_article1' multiply defined.


LaTeX Warning: Label `ref_lncs1' multiply defined.


LaTeX Warning: Label `ref_book1' multiply defined.


LaTeX Warning: Label `ref_article1' multiply defined.


LaTeX Warning: Label `ref_article1' multiply defined.


LaTeX Warning: Label `ref_article1' multiply defined.


LaTeX Warning: Label `ref_article1' multiply defined.


LaTeX Warning: Label `ref_article1' multiply defined.


LaTeX Warning: Label `ref_article1' multiply defined.


LaTeX Warning: Label `ref_article1' multiply defined.


LaTeX Warning: Label `ref_book1' multiply defined.

)
\openout1 = `tesi.aux'.

LaTeX Font Info:    Checking defaults for OML/cmm/m/it on input line 67.
LaTeX Font Info:    ... okay on input line 67.
LaTeX Font Info:    Checking defaults for OMS/cmsy/m/n on input line 67.
LaTeX Font Info:    ... okay on input line 67.
LaTeX Font Info:    Checking defaults for OT1/cmr/m/n on input line 67.
LaTeX Font Info:    ... okay on input line 67.
LaTeX Font Info:    Checking defaults for T1/cmr/m/n on input line 67.
LaTeX Font Info:    ... okay on input line 67.
LaTeX Font Info:    Checking defaults for TS1/cmr/m/n on input line 67.
LaTeX Font Info:    ... okay on input line 67.
LaTeX Font Info:    Checking defaults for OMX/cmex/m/n on input line 67.
LaTeX Font Info:    ... okay on input line 67.
LaTeX Font Info:    Checking defaults for U/cmr/m/n on input line 67.
LaTeX Font Info:    ... okay on input line 67.
LaTeX Font Info:    Checking defaults for PD1/pdf/m/n on input line 67.
LaTeX Font Info:    ... okay on input line 67.
LaTeX Font Info:    Checking defaults for PU/pdf/m/n on input line 67.
LaTeX Font Info:    ... okay on input line 67.

*geometry* driver: auto-detecting
*geometry* detected driver: pdftex
*geometry* verbose mode - [ preamble ] result:
* driver: pdftex
* paper: a4paper
* layout: <same size as paper>
* layoutoffset:(h,v)=(0.0pt,0.0pt)
* modes: twoside 
* h-part:(L,W,R)=(71.70166pt, 418.25368pt, 107.55254pt)
* v-part:(T,H,B)=(101.40665pt, 591.5302pt, 152.11pt)
* \paperwidth=597.50787pt
* \paperheight=845.04684pt
* \textwidth=418.25368pt
* \textheight=591.5302pt
* \oddsidemargin=-0.56833pt
* \evensidemargin=35.28255pt
* \topmargin=-18.99834pt
* \headheight=12.0pt
* \headsep=36.135pt
* \topskip=12.0pt
* \footskip=30.0pt
* \marginparwidth=40.0pt
* \marginparsep=10.0pt
* \columnsep=10.0pt
* \skip\footins=10.8pt plus 4.0pt minus 2.0pt
* \hoffset=0.0pt
* \voffset=0.0pt
* \mag=1000
* \@twocolumnfalse
* \@twosidetrue
* \@mparswitchtrue
* \@reversemarginfalse
* (1in=72.27pt=25.4mm, 1cm=28.453pt)

LaTeX Info: Redefining \it@ocap on input line 67.
LaTeX Info: Redefining \it@ccap on input line 67.

File italian.ldf warning: 
italian.ldf    With OT1 encoding guillemets are poorly faked
italian.ldf    Use T1 encoding
italian.ldf    or specify a font with command \CaporaliFrom
italian.ldf    See the documentation concerning the babel-italian typesetting 
italian.ldf    on input line 67.

(/usr/local/texlive/2021/texmf-dist/tex/context/base/mkii/supp-pdf.mkii
[Loading MPS to PDF converter (version 2006.09.02).]
\scratchcounter=\count295
\scratchdimen=\dimen167
\scratchbox=\box52
\nofMPsegments=\count296
\nofMParguments=\count297
\everyMPshowfont=\toks34
\MPscratchCnt=\count298
\MPscratchDim=\dimen168
\MPnumerator=\count299
\makeMPintoPDFobject=\count300
\everyMPtoPDFconversion=\toks35
) (/usr/local/texlive/2021/texmf-dist/tex/latex/epstopdf-pkg/epstopdf-base.sty
Package: epstopdf-base 2020-01-24 v2.11 Base part for package epstopdf
Package epstopdf-base Info: Redefining graphics rule for `.eps' on input line 4
85.

(/usr/local/texlive/2021/texmf-dist/tex/latex/latexconfig/epstopdf-sys.cfg
File: epstopdf-sys.cfg 2010/07/13 v1.3 Configuration of (r)epstopdf for TeX Liv
e
))
Package hyperref Info: Link coloring OFF on input line 67.

(/usr/local/texlive/2021/texmf-dist/tex/latex/hyperref/nameref.sty
Package: nameref 2021-04-02 v2.47 Cross-referencing by name of section

(/usr/local/texlive/2021/texmf-dist/tex/latex/refcount/refcount.sty
Package: refcount 2019/12/15 v3.6 Data extraction from label references (HO)
)
(/usr/local/texlive/2021/texmf-dist/tex/generic/gettitlestring/gettitlestring.s
ty
Package: gettitlestring 2019/12/15 v1.6 Cleanup title references (HO)
)
\c@section@level=\count301
)
LaTeX Info: Redefining \ref on input line 67.
LaTeX Info: Redefining \pageref on input line 67.
LaTeX Info: Redefining \nameref on input line 67.
 (./tesi.out) (./tesi.out)
\@outlinefile=\write4
\openout4 = `tesi.out'.

\c@lstlisting=\count302
<immagini/tesiSCIENZE_POLITICHE.jpg, id=89, 341.3553pt x 156.585pt>
File: immagini/tesiSCIENZE_POLITICHE.jpg Graphic file (type jpg)
<use immagini/tesiSCIENZE_POLITICHE.jpg>
Package pdftex.def Info: immagini/tesiSCIENZE_POLITICHE.jpg  used on input line
 69.
(pdftex.def)             Requested size: 372.17406pt x 170.71652pt.
LaTeX Font Info:    Trying to load font information for U+msa on input line 69.


(/usr/local/texlive/2021/texmf-dist/tex/latex/amsfonts/umsa.fd
File: umsa.fd 2013/01/14 v3.01 AMS symbols A
)
LaTeX Font Info:    Trying to load font information for U+msb on input line 69.


(/usr/local/texlive/2021/texmf-dist/tex/latex/amsfonts/umsb.fd
File: umsb.fd 2013/01/14 v3.01 AMS symbols B
) [1

 <./immagini/tesiSCIENZE_POLITICHE.jpg>] [1

]
Underfull \hbox (badness 10000) in paragraph at lines 111--125

 []

[2

] [3

] (./tesi.toc [4

])
\tf@toc=\write5
\openout5 = `tesi.toc'.

 [5]
Chapter 1.

Underfull \vbox (badness 3460) has occurred while \output is active []

 [1

]
Underfull \vbox (badness 10000) has occurred while \output is active []

 [2]
Underfull \vbox (badness 10000) has occurred while \output is active []

 [3]
[4]
Chapter 2.

Underfull \vbox (badness 3460) has occurred while \output is active []

 [5

]
Underfull \vbox (badness 10000) has occurred while \output is active []

 [6]
Underfull \vbox (badness 10000) has occurred while \output is active []

 [7]
[8]
Chapter 3.

Underfull \vbox (badness 3460) has occurred while \output is active []

 [9

]
Underfull \vbox (badness 10000) has occurred while \output is active []

 [10]
Underfull \vbox (badness 10000) has occurred while \output is active []

 [11]
Underfull \vbox (badness 10000) has occurred while \output is active []

 [12]
Underfull \vbox (badness 10000) has occurred while \output is active []

 [13]
Underfull \vbox (badness 10000) has occurred while \output is active []

 [14]
Underfull \vbox (badness 10000) has occurred while \output is active []

 [15]
Underfull \vbox (badness 10000) has occurred while \output is active []

 [16]
Underfull \vbox (badness 10000) has occurred while \output is active []

 [17]
Underfull \vbox (badness 10000) has occurred while \output is active []

 [18]
Underfull \vbox (badness 10000) has occurred while \output is active []

 [19]
Underfull \vbox (badness 10000) has occurred while \output is active []

 [20]
Underfull \vbox (badness 10000) has occurred while \output is active []

 [21]
[22]
Chapter 4.

Underfull \hbox (badness 10000) in paragraph at lines 235--236

 []

[23

] [24]
Overfull \hbox (0.1386pt too wide) in paragraph at lines 248--249
[]\OT1/cmr/bx/n/12 Gov[]Rev[]excl[]Grants\OT1/cmr/m/n/12 : Gov-ern-ment rev-enu
e (ex-clud-ing grants, % of GDP)
 []

<immagini/missn.png, id=244, 276.03125pt x 153.57375pt>
File: immagini/missn.png Graphic file (type png)
<use immagini/missn.png>
Package pdftex.def Info: immagini/missn.png  used on input line 253.
(pdftex.def)             Requested size: 426.79134pt x 237.47678pt.

Overfull \hbox (8.53766pt too wide) in paragraph at lines 253--254
 [][] 
 []

[25] [26 <./immagini/missn.png>] [27]
! Extra }, or forgotten $.
l.275 		y_t=c +\delta_t+\beta x_t  +  \sum}
                                           ^{p}__{j=1} }  \Phi_j y_{t-1} } +...
I've deleted a group-closing symbol because it seems to be
spurious, as in `$x}$'. But perhaps the } is legitimate and
you forgot something else, as in `\hbox{$x}'. In such cases
the way to recover is to insert both the forgotten and the
deleted material, e.g., by typing `I$}'.

! Missing { inserted.
<to be read again> 
                   _
l.275 		y_t=c +\delta_t+\beta x_t  +  \sum}^{p}__
                                                 {j=1} }  \Phi_j y_{t-1} } +...
A left brace was mandatory here, so I've put one in.
You might want to delete and/or insert some corrections
so that I will find a matching right brace soon.
(If you're confused by all this, try typing `I}' now.)

! Extra }, or forgotten $.
l.275 ...  +  \sum}^{p}__{j=1} }  \Phi_j y_{t-1} }
                                                   +   \epsilon_t   .
I've deleted a group-closing symbol because it seems to be
spurious, as in `$x}$'. But perhaps the } is legitimate and
you forgot something else, as in `\hbox{$x}'. In such cases
the way to recover is to insert both the forgotten and the
deleted material, e.g., by typing `I$}'.

[28] [29] [30]
! Missing { inserted.
<to be read again> 
                   ^
l.301    y_t {^'
                } = y_t - y_{t-1}  \, .
A left brace was mandatory here, so I've put one in.
You might want to delete and/or insert some corrections
so that I will find a matching right brace soon.
(If you're confused by all this, try typing `I}' now.)

! You can't use `\eqno' in math mode.
\endmathdisplay@a ...\df@tag \@empty \else \veqno 
                                                  \alt@tag \df@tag \fi \ifx ...
l.303  \end{equation}
                     
Sorry, but I'm not programmed to handle this case;
I'll just pretend that you didn't ask for it.
If you're in the wrong mode, you might be able to
return to the right one by typing `I}' or `I$' or `I\par'.

! Missing } inserted.
<inserted text> 
                }
l.303  \end{equation}
                     
I've inserted something that you may have forgotten.
(See the <inserted text> above.)
With luck, this will get me unwedged. But if you
really didn't forget anything, try typing `2' now; then
my insertion and my current dilemma will both disappear.

[31]

LaTeX Warning: Command \textellipsis invalid in math mode on input line 311.

[32] [33] [34] [35] [36]
! Missing { inserted.
<to be read again> 
                   ^
l.351  	\phi^s_k (\hat{f}, x) = \sum_{x^'
                                         } \leq C(x)\setminus{k} }  \frac{|x...
A left brace was mandatory here, so I've put one in.
You might want to delete and/or insert some corrections
so that I will find a matching right brace soon.
(If you're confused by all this, try typing `I}' now.)


! LaTeX Error: Bad math environment delimiter.

See the LaTeX manual or LaTeX Companion for explanation.
Type  H <return>  for immediate help.
 ...                                              
                                                  
l.354 ... 1 model variables when excluding the $\(
                                                  (k^{th})\)$ variable. \(|x...

Your command was ignored.
Type  I <command> <return>  to replace it with another command,
or  <return>  to continue without it.


! LaTeX Error: Bad math environment delimiter.

See the LaTeX manual or LaTeX Companion for explanation.
Type  H <return>  for immediate help.
 ...                                              
                                                  
l.354 ...excluding the $\((k^{th})\)$ variable. \(
                                                  |x^'}|\) denotes the numbe...

Your command was ignored.
Type  I <command> <return>  to replace it with another command,
or  <return>  to continue without it.

! Missing { inserted.
<to be read again> 
                   ^
l.354 ...uding the $\((k^{th})\)$ variable. \(|x^'
                                                  }|\) denotes the number of...
A left brace was mandatory here, so I've put one in.
You might want to delete and/or insert some corrections
so that I will find a matching right brace soon.
(If you're confused by all this, try typing `I}' now.)

! Missing { inserted.
<to be read again> 
                   ^
l.354 ...f possible coalitions for a certain \(x^'
                                                  \). Intuitively, the above...
A left brace was mandatory here, so I've put one in.
You might want to delete and/or insert some corrections
so that I will find a matching right brace soon.
(If you're confused by all this, try typing `I}' now.)

! Missing } inserted.
<inserted text> 
                }
l.354 ...possible coalitions for a certain \(x^'\)
                                                  . Intuitively, the above d...
I've inserted something that you may have forgotten.
(See the <inserted text> above.)
With luck, this will get me unwedged. But if you
really didn't forget anything, try typing `2' now; then
my insertion and my current dilemma will both disappear.


! LaTeX Error: Bad math environment delimiter.

See the LaTeX manual or LaTeX Companion for explanation.
Type  H <return>  for immediate help.
 ...                                              
                                                  
l.354 ...e regression anatomy of a coefficient $\(
                                                  \hat{\beta}_k$ , i.e. the ...

Your command was ignored.
Type  I <command> <return>  to replace it with another command,
or  <return>  to continue without it.

[37] [38]
Chapter 5.
[39

]
Underfull \vbox (badness 10000) has occurred while \output is active []

 [40]
[41] [42]
Underfull \vbox (badness 1888) has occurred while \output is active []

 [43]
Underfull \vbox (badness 10000) has occurred while \output is active []

 [44]
Underfull \vbox (badness 10000) has occurred while \output is active []

 [45]
[46]
<immagini/Shap.png, id=381, 1009.7725pt x 121.45375pt>
File: immagini/Shap.png Graphic file (type png)
<use immagini/Shap.png>
Package pdftex.def Info: immagini/Shap.png  used on input line 482.
(pdftex.def)             Requested size: 426.79134pt x 51.33453pt.

Overfull \hbox (8.53766pt too wide) in paragraph at lines 482--483
 [][] 
 []

<immagini/fea.png, id=382, 433.62pt x 213.79875pt>
File: immagini/fea.png Graphic file (type png)
<use immagini/fea.png>
Package pdftex.def Info: immagini/fea.png  used on input line 490.
(pdftex.def)             Requested size: 426.79134pt x 210.4413pt.

Overfull \hbox (8.53766pt too wide) in paragraph at lines 490--491
 [][] 
 []

<immagini/shapsum.png, id=383, 429.605pt x 233.87375pt>
File: immagini/shapsum.png Graphic file (type png)
<use immagini/shapsum.png>
Package pdftex.def Info: immagini/shapsum.png  used on input line 497.
(pdftex.def)             Requested size: 426.79134pt x 232.34578pt.

Overfull \hbox (8.53766pt too wide) in paragraph at lines 497--498
 [][] 
 []


Underfull \vbox (badness 5359) has occurred while \output is active []

 [47]
Underfull \vbox (badness 10000) has occurred while \output is active []

 [48 <./immagini/Shap.png>]
Underfull \vbox (badness 10000) has occurred while \output is active []

 [49]
Underfull \vbox (badness 10000) has occurred while \output is active []

 [50 <./immagini/fea.png>] [51 <./immagini/shapsum.png>]
Chapter 6.

Underfull \vbox (badness 3460) has occurred while \output is active []

 [52

]
Underfull \vbox (badness 10000) has occurred while \output is active []

 [53]
[54]
Appendix A.
<immagini/corr.png, id=425, 667.49374pt x 602.25pt>
File: immagini/corr.png Graphic file (type png)
<use immagini/corr.png>
Package pdftex.def Info: immagini/corr.png  used on input line 532.
(pdftex.def)             Requested size: 412.56496pt x 372.25163pt.
<immagini/trend.png, id=426, 433.62pt x 346.29375pt>
File: immagini/trend.png Graphic file (type png)
<use immagini/trend.png>
Package pdftex.def Info: immagini/trend.png  used on input line 539.
(pdftex.def)             Requested size: 412.56496pt x 329.49501pt.

Underfull \vbox (badness 3460) has occurred while \output is active []

 [55

]
[56 <./immagini/corr.png>] [57 <./immagini/trend.png>]
Appendix B.
<immagini/vfor.png, id=444, 403.5075pt x 281.05pt>
File: immagini/vfor.png Graphic file (type png)
<use immagini/vfor.png>
Package pdftex.def Info: immagini/vfor.png  used on input line 547.
(pdftex.def)             Requested size: 369.88582pt x 257.63423pt.
<immagini/vfor1.png, id=445, 410.53375pt x 274.02374pt>
File: immagini/vfor1.png Graphic file (type png)
<use immagini/vfor1.png>
Package pdftex.def Info: immagini/vfor1.png  used on input line 556.
(pdftex.def)             Requested size: 369.88582pt x 246.89087pt.

Underfull \vbox (badness 3460) has occurred while \output is active []

 [58

]
<immagini/RF.png, id=450, 417.56pt x 252.945pt>
File: immagini/RF.png Graphic file (type png)
<use immagini/RF.png>
Package pdftex.def Info: immagini/RF.png  used on input line 564.
(pdftex.def)             Requested size: 369.88582pt x 224.07823pt.
<immagini/RF1.png, id=451, 400.49625pt x 266.9975pt>
File: immagini/RF1.png Graphic file (type png)
<use immagini/RF1.png>
Package pdftex.def Info: immagini/RF1.png  used on input line 570.
(pdftex.def)             Requested size: 369.88582pt x 246.6062pt.
<immagini/EN.png, id=452, 391.4625pt x 246.9225pt>
File: immagini/EN.png Graphic file (type png)
<use immagini/EN.png>
Package pdftex.def Info: immagini/EN.png  used on input line 577.
(pdftex.def)             Requested size: 369.88582pt x 233.32413pt.
<immagini/EN1.png, id=453, 397.485pt x 273.02pt>
File: immagini/EN1.png Graphic file (type png)
<use immagini/EN1.png>
Package pdftex.def Info: immagini/EN1.png  used on input line 583.
(pdftex.def)             Requested size: 369.88582pt x 254.07262pt.
<immagini/lstm.png, id=454, 417.56pt x 248.93pt>
File: immagini/lstm.png Graphic file (type png)
<use immagini/lstm.png>
Package pdftex.def Info: immagini/lstm.png  used on input line 590.
(pdftex.def)             Requested size: 369.88582pt x 220.52144pt.
<immagini/svm.png, id=455, 416.55624pt x 248.93pt>
File: immagini/svm.png Graphic file (type png)
<use immagini/svm.png>
Package pdftex.def Info: immagini/svm.png  used on input line 596.
(pdftex.def)             Requested size: 369.88582pt x 221.04941pt.

Underfull \vbox (badness 1168) has occurred while \output is active []

 [59 <./immagini/vfor.png>] [60 <./immagini/vfor1.png>] [61 <./immagini/RF.png>
 <./immagini/RF1.png>] [62 <./immagini/EN.png> <./immagini/EN1.png>] [63 <./imm
agini/lstm.png> <./immagini/svm.png>]
Appendix C.
<immagini/bm.png, id=493, 433.62pt x 153.57375pt>
File: immagini/bm.png Graphic file (type png)
<use immagini/bm.png>
Package pdftex.def Info: immagini/bm.png  used on input line 604.
(pdftex.def)             Requested size: 426.79134pt x 151.16206pt.

Overfull \hbox (8.53766pt too wide) in paragraph at lines 604--607
 [][] 
 []

<immagini/gd.png, id=494, 433.62pt x 152.57pt>
File: immagini/gd.png Graphic file (type png)
<use immagini/gd.png>
Package pdftex.def Info: immagini/gd.png  used on input line 611.
(pdftex.def)             Requested size: 426.79134pt x 150.17407pt.

Overfull \hbox (8.53766pt too wide) in paragraph at lines 611--614
 [][] 
 []

<immagini/ext.png, id=495, 433.62pt x 151.56625pt>
File: immagini/ext.png Graphic file (type png)
<use immagini/ext.png>
Package pdftex.def Info: immagini/ext.png  used on input line 617.
(pdftex.def)             Requested size: 426.79134pt x 149.18608pt.

Overfull \hbox (8.53766pt too wide) in paragraph at lines 617--620
 [][] 
 []

<immagini/tr.png, id=496, 433.62pt x 153.57375pt>
File: immagini/tr.png Graphic file (type png)
<use immagini/tr.png>
Package pdftex.def Info: immagini/tr.png  used on input line 623.
(pdftex.def)             Requested size: 426.79134pt x 151.16206pt.

Overfull \hbox (8.53766pt too wide) in paragraph at lines 623--626
 [][] 
 []

<immagini/gr.png, id=497, 433.62pt x 152.57pt>
File: immagini/gr.png Graphic file (type png)
<use immagini/gr.png>
Package pdftex.def Info: immagini/gr.png  used on input line 629.
(pdftex.def)             Requested size: 426.79134pt x 150.17407pt.

Overfull \hbox (8.53766pt too wide) in paragraph at lines 629--632
 [][] 
 []

<immagini/ree.png, id=498, 433.62pt x 151.56625pt>
File: immagini/ree.png Graphic file (type png)
<use immagini/ree.png>
Package pdftex.def Info: immagini/ree.png  used on input line 635.
(pdftex.def)             Requested size: 426.79134pt x 149.18608pt.

Overfull \hbox (8.53766pt too wide) in paragraph at lines 635--638
 [][] 
 []

<immagini/fdi.png, id=499, 433.62pt x 151.56625pt>
File: immagini/fdi.png Graphic file (type png)
<use immagini/fdi.png>
Package pdftex.def Info: immagini/fdi.png  used on input line 641.
(pdftex.def)             Requested size: 426.79134pt x 149.18608pt.

Overfull \hbox (8.53766pt too wide) in paragraph at lines 641--644
 [][] 
 []

<immagini/exp.png, id=500, 433.62pt x 151.56625pt>
File: immagini/exp.png Graphic file (type png)
<use immagini/exp.png>
Package pdftex.def Info: immagini/exp.png  used on input line 647.
(pdftex.def)             Requested size: 426.79134pt x 149.18608pt.

Overfull \hbox (8.53766pt too wide) in paragraph at lines 647--650
 [][] 
 []

<immagini/imp.png, id=501, 433.62pt x 153.57375pt>
File: immagini/imp.png Graphic file (type png)
<use immagini/imp.png>
Package pdftex.def Info: immagini/imp.png  used on input line 653.
(pdftex.def)             Requested size: 426.79134pt x 151.16206pt.

Overfull \hbox (8.53766pt too wide) in paragraph at lines 653--656
 [][] 
 []

<immagini/bmg.png, id=502, 433.62pt x 154.5775pt>
File: immagini/bmg.png Graphic file (type png)
<use immagini/bmg.png>
Package pdftex.def Info: immagini/bmg.png  used on input line 659.
(pdftex.def)             Requested size: 426.79134pt x 152.15004pt.

Overfull \hbox (8.53766pt too wide) in paragraph at lines 659--662
 [][] 
 []

<immagini/inf.png, id=503, 433.62pt x 156.585pt>
File: immagini/inf.png Graphic file (type png)
<use immagini/inf.png>
Package pdftex.def Info: immagini/inf.png  used on input line 665.
(pdftex.def)             Requested size: 426.79134pt x 154.12602pt.

Overfull \hbox (8.53766pt too wide) in paragraph at lines 665--668
 [][] 
 []

[64

] [65 <./immagini/bm.png> <./immagini/gd.png> <./immagini/ext.png>] [66 <./imma
gini/tr.png> <./immagini/gr.png> <./immagini/ree.png>] [67 <./immagini/fdi.png>
 <./immagini/exp.png> <./immagini/imp.png>] [68 <./immagini/bmg.png> <./immagin
i/inf.png>]
Underfull \vbox (badness 1694) has occurred while \output is active []

 [69

pdfTeX warning (ext4): destination with the same identifier (name{cite.ref_arti
cle1}) has been already used, duplicate ignored
<argument> ...shipout:D \box_use:N \l_shipout_box 
                                                  
l.688 	\bibitem{ref_article1}
                             pdfTeX warning (ext4): destination with the same i
dentifier (name{cite.ref_article1}) has been already used, duplicate ignored
<argument> ...shipout:D \box_use:N \l_shipout_box 
                                                  
l.688 	\bibitem{ref_article1}
                             ]pdfTeX warning (ext4): destination with the same 
identifier (name{cite.ref_article1}) has been already used, duplicate ignored
<to be read again> 
                   \relax 
l.688 	\bibitem{ref_article1}
                             pdfTeX warning (ext4): destination with the same i
dentifier (name{cite.ref_book1}) has been already used, duplicate ignored
<to be read again> 
                   \relax 
l.690 	 \bibitem{ref_book1}
                           pdfTeX warning (ext4): destination with the same ide
ntifier (name{cite.ref_book1}) has been already used, duplicate ignored
<to be read again> 
                   \relax 
l.696 	 \bibitem{ref_book1}
                           pdfTeX warning (ext4): destination with the same ide
ntifier (name{cite.ref_book1}) has been already used, duplicate ignored
<to be read again> 
                   \relax 
l.698 	 \bibitem{ref_book1}
                           pdfTeX warning (ext4): destination with the same ide
ntifier (name{cite.ref_article1}) has been already used, duplicate ignored
<to be read again> 
                   \relax 
l.700 		\bibitem{ref_article1}
                              pdfTeX warning (ext4): destination with the same 
identifier (name{cite.ref_article1}) has been already used, duplicate ignored
<to be read again> 
                   \relax 
l.702 	\bibitem{ref_article1}
                              [70pdfTeX warning (ext4): destination with the sa
me identifier (name{cite.ref_article1}) has been already used, duplicate ignore
d
<argument> ...shipout:D \box_use:N \l_shipout_box 
                                                  
l.704 \bibitem{ref_lncs1}
                         pdfTeX warning (ext4): destination with the same ident
ifier (name{cite.ref_lncs1}) has been already used, duplicate ignored
<argument> ...shipout:D \box_use:N \l_shipout_box 
                                                  
l.704 \bibitem{ref_lncs1}
                         ]pdfTeX warning (ext4): destination with the same iden
tifier (name{cite.ref_lncs1}) has been already used, duplicate ignored
<to be read again> 
                   \relax 
l.704 \bibitem{ref_lncs1}
                         pdfTeX warning (ext4): destination with the same ident
ifier (name{cite.ref_article1}) has been already used, duplicate ignored
<to be read again> 
                   \relax 
l.706 	\bibitem{ref_article1}
                             pdfTeX warning (ext4): destination with the same i
dentifier (name{cite.ref_article1}) has been already used, duplicate ignored
<to be read again> 
                   \relax 
l.708 \bibitem{ref_article1}
                            pdfTeX warning (ext4): destination with the same id
entifier (name{cite.ref_book1}) has been already used, duplicate ignored
<to be read again> 
                   \relax 
l.710  \bibitem{ref_book1}
                          pdfTeX warning (ext4): destination with the same iden
tifier (name{cite.ref_article1}) has been already used, duplicate ignored
<to be read again> 
                   \relax 
l.712 \bibitem{ref_article1}
                            pdfTeX warning (ext4): destination with the same id
entifier (name{cite.ref_article1}) has been already used, duplicate ignored
<to be read again> 
                   \relax 
l.714 \bibitem{ref_article1}
                            pdfTeX warning (ext4): destination with the same id
entifier (name{cite.ref_article1}) has been already used, duplicate ignored
<to be read again> 
                   \relax 
l.716 \bibitem{ref_article1}
                            pdfTeX warning (ext4): destination with the same id
entifier (name{cite.ref_article1}) has been already used, duplicate ignored
<to be read again> 
                   \relax 
l.718 \bibitem{ref_article1}
                             [71]pdfTeX warning (ext4): destination with the sa
me identifier (name{cite.ref_lncs1}) has been already used, duplicate ignored
<to be read again> 
                   \relax 
l.720 \bibitem{ref_lncs1}
                         pdfTeX warning (ext4): destination with the same ident
ifier (name{cite.ref_book1}) has been already used, duplicate ignored
<to be read again> 
                   \relax 
l.722 \bibitem{ref_book1}
                         pdfTeX warning (ext4): destination with the same ident
ifier (name{cite.ref_article1}) has been already used, duplicate ignored
<to be read again> 
                   \relax 
l.724 \bibitem{ref_article1}
                            pdfTeX warning (ext4): destination with the same id
entifier (name{cite.ref_article1}) has been already used, duplicate ignored
<to be read again> 
                   \relax 
l.726 \bibitem{ref_article1}
                            pdfTeX warning (ext4): destination with the same id
entifier (name{cite.ref_article1}) has been already used, duplicate ignored
<to be read again> 
                   \relax 
l.728 \bibitem{ref_article1}
                            pdfTeX warning (ext4): destination with the same id
entifier (name{cite.ref_article1}) has been already used, duplicate ignored
<to be read again> 
                   \relax 
l.730 \bibitem{ref_article1}
                            pdfTeX warning (ext4): destination with the same id
entifier (name{cite.ref_article1}) has been already used, duplicate ignored
<to be read again> 
                   \relax 
l.732 \bibitem{ref_article1}
                            pdfTeX warning (ext4): destination with the same id
entifier (name{cite.ref_article1}) has been already used, duplicate ignored
<to be read again> 
                   \relax 
l.734 \bibitem{ref_article1}
                            pdfTeX warning (ext4): destination with the same id
entifier (name{cite.ref_article1}) has been already used, duplicate ignored
<to be read again> 
                   \relax 
l.736 \bibitem{ref_article1}
                             [72]pdfTeX warning (ext4): destination with the sa
me identifier (name{cite.ref_book1}) has been already used, duplicate ignored
<to be read again> 
                   \relax 
l.738  \bibitem{ref_book1}
                           [73] (./tesi.aux)

LaTeX Warning: There were multiply-defined labels.

Package rerunfilecheck Info: File `tesi.out' has not changed.
(rerunfilecheck)             Checksum: 58DBDE09698CEC6527A2442E37CB5E90;1182.
 ) 
Here is how much of TeX's memory you used:
 16449 strings out of 478994
 233933 string characters out of 5858183
 608869 words of memory out of 5000000
 33507 multiletter control sequences out of 15000+600000
 411836 words of font info for 57 fonts, out of 8000000 for 9000
 1141 hyphenation exceptions out of 8191
 88i,10n,90p,2963b,2364s stack positions out of 5000i,500n,10000p,200000b,80000s
{/usr/local/texlive/2021/texmf-dist/fonts/enc/dvips/cm-super/cm-super-ts1.enc
}</usr/local/texlive/2021/texmf-dist/fonts/type1/public/amsfonts/cm/cmbx12.pfb>
</usr/local/texlive/2021/texmf-dist/fonts/type1/public/amsfonts/cm/cmcsc10.pfb>
</usr/local/texlive/2021/texmf-dist/fonts/type1/public/amsfonts/cm/cmex10.pfb><
/usr/local/texlive/2021/texmf-dist/fonts/type1/public/amsfonts/cm/cmmi12.pfb></
usr/local/texlive/2021/texmf-dist/fonts/type1/public/amsfonts/cm/cmmi6.pfb></us
r/local/texlive/2021/texmf-dist/fonts/type1/public/amsfonts/cm/cmmi8.pfb></usr/
local/texlive/2021/texmf-dist/fonts/type1/public/amsfonts/cm/cmr10.pfb></usr/lo
cal/texlive/2021/texmf-dist/fonts/type1/public/amsfonts/cm/cmr12.pfb></usr/loca
l/texlive/2021/texmf-dist/fonts/type1/public/amsfonts/cm/cmr17.pfb></usr/local/
texlive/2021/texmf-dist/fonts/type1/public/amsfonts/cm/cmr6.pfb></usr/local/tex
live/2021/texmf-dist/fonts/type1/public/amsfonts/cm/cmr8.pfb></usr/local/texliv
e/2021/texmf-dist/fonts/type1/public/amsfonts/cm/cmsl12.pfb></usr/local/texlive
/2021/texmf-dist/fonts/type1/public/amsfonts/cm/cmsy10.pfb></usr/local/texlive/
2021/texmf-dist/fonts/type1/public/amsfonts/cm/cmsy6.pfb></usr/local/texlive/20
21/texmf-dist/fonts/type1/public/amsfonts/cm/cmsy8.pfb></usr/local/texlive/2021
/texmf-dist/fonts/type1/public/amsfonts/cm/cmti12.pfb></usr/local/texlive/2021/
texmf-dist/fonts/type1/public/cm-super/sfrm1200.pfb>
Output written on tesi.pdf (79 pages, 1020733 bytes).
PDF statistics:
 669 PDF objects out of 1000 (max. 8388607)
 152 named destinations out of 1000 (max. 500000)
 311 words of extra memory for PDF output out of 10000 (max. 10000000)

