\BOOKMARK [0][-]{chapter*.1}{Acknowledgement}{}% 1
\BOOKMARK [0][-]{chapter*.2}{Abbreviation}{}% 2
\BOOKMARK [0][-]{chapter*.3}{Abstract}{}% 3
\BOOKMARK [0][-]{chapter*.3}{Index}{}% 4
\BOOKMARK [0][-]{chapter.1}{INTRODUCTION}{}% 5
\BOOKMARK [0][-]{chapter.2}{RESEARCH\040QUESTION}{}% 6
\BOOKMARK [0][-]{chapter.3}{LITERATURE\040REVIEW}{}% 7
\BOOKMARK [0][-]{chapter.4}{METHODOLOGY}{}% 8
\BOOKMARK [1][-]{section.4.1}{DATA}{chapter.4}% 9
\BOOKMARK [2][-]{subsection.4.1.1}{IMPUTATION\040OF\040MISSING\040VALUES}{section.4.1}% 10
\BOOKMARK [1][-]{section.4.2}{MODELS}{chapter.4}% 11
\BOOKMARK [1][-]{section.4.3}{MODEL\040EVALUATION}{chapter.4}% 12
\BOOKMARK [1][-]{section.4.4}{SHAPLEY\040VALUES}{chapter.4}% 13
\BOOKMARK [0][-]{chapter.5}{RESULTS\040AND\040ANALYSIS}{}% 14
\BOOKMARK [1][-]{section.5.1}{Model\040Implementation}{chapter.5}% 15
\BOOKMARK [1][-]{section.5.2}{Results}{chapter.5}% 16
\BOOKMARK [0][-]{chapter.6}{CONCLUSION}{}% 17
\BOOKMARK [0][-]{appendix.A}{DATA}{}% 18
\BOOKMARK [0][-]{appendix.B}{MODEL\040RESULTS\040PLOT}{}% 19
\BOOKMARK [0][-]{appendix.C}{GLOBAL\040FORCE\040PLOT\040OF\040SHAPLEY\040VALUES}{}% 20
\BOOKMARK [0][-]{appendix*.5}{BIBLIOGRAPHY}{}% 21
